<?xml version="1.0" encoding="UTF-8"?>
<!-- Generated by org.testng.reporters.JUnitReportReporter -->
<testsuite hostname="DESKTOP-50A2D6B" failures="0" tests="1" name="com.tests.LoginTest" time="2.541" errors="0" timestamp="2025-10-08T22:29:41 IST" skipped="0">
  <testcase classname="com.tests.LoginTest" name="onTest" time="2.541"/>
</testsuite> <!-- com.tests.LoginTest -->
